/*C12*/SET SCHEMA PUBLIC
CONNECT USER SA
SET AUTOCOMMIT FALSE
SET AUTOCOMMIT TRUE
DISCONNECT
/*C13*/SET SCHEMA PUBLIC
CONNECT USER SA
SET AUTOCOMMIT FALSE
SET AUTOCOMMIT TRUE
DISCONNECT
/*C14*/SET SCHEMA PUBLIC
CONNECT USER SA
SET AUTOCOMMIT FALSE
SET AUTOCOMMIT TRUE
DISCONNECT
/*C15*/SET SCHEMA PUBLIC
CONNECT USER SA
SET AUTOCOMMIT FALSE
SET AUTOCOMMIT TRUE
DISCONNECT
/*C16*/SET SCHEMA PUBLIC
CONNECT USER SA
SET AUTOCOMMIT FALSE
DELETE FROM DEPARTMENT WHERE DEPARTMENT_ID=1
INSERT INTO DEPARTMENT VALUES(1,1,'hoge','NEW YORK',100)
ROLLBACK
SET AUTOCOMMIT TRUE
DISCONNECT
/*C17*/SET SCHEMA PUBLIC
CONNECT USER SA
SET AUTOCOMMIT FALSE
DELETE FROM DEPARTMENT WHERE DEPARTMENT_ID=1
INSERT INTO DEPARTMENT VALUES(1,1,'ACCOUNTING','NEW YORK',2)
ROLLBACK
SET AUTOCOMMIT TRUE
DISCONNECT
/*C18*/SET SCHEMA PUBLIC
CONNECT USER SA
SET AUTOCOMMIT FALSE
DELETE FROM COMP_KEY_DEPARTMENT WHERE DEPARTMENT_ID1=1 AND DEPARTMENT_ID2=1
INSERT INTO COMP_KEY_DEPARTMENT VALUES(1,1,1,'hoge','NEW YORK',2)
ROLLBACK
SET AUTOCOMMIT TRUE
DISCONNECT
/*C19*/SET SCHEMA PUBLIC
CONNECT USER SA
SET AUTOCOMMIT FALSE
DELETE FROM DEPARTMENT WHERE DEPARTMENT_ID=1
INSERT INTO DEPARTMENT VALUES(1,10,'hoge','NEW YORK',2)
ROLLBACK
SET AUTOCOMMIT TRUE
DISCONNECT
/*C20*/SET SCHEMA PUBLIC
CONNECT USER SA
SET AUTOCOMMIT FALSE
DELETE FROM DEPARTMENT WHERE DEPARTMENT_ID=1
INSERT INTO DEPARTMENT VALUES(1,10,'hoge','NEW YORK',2)
ROLLBACK
SET AUTOCOMMIT TRUE
DISCONNECT
/*C21*/SET SCHEMA PUBLIC
CONNECT USER SA
SET AUTOCOMMIT FALSE
DELETE FROM DEPARTMENT WHERE DEPARTMENT_ID=1
INSERT INTO DEPARTMENT VALUES(1,1,'hoge','NEW YORK',2)
ROLLBACK
SET AUTOCOMMIT TRUE
DISCONNECT
/*C22*/SET SCHEMA PUBLIC
CONNECT USER SA
SET AUTOCOMMIT FALSE
SET AUTOCOMMIT TRUE
DISCONNECT
/*C23*/SET SCHEMA PUBLIC
CONNECT USER SA
SET AUTOCOMMIT FALSE
SET AUTOCOMMIT TRUE
DISCONNECT
/*C24*/SET SCHEMA PUBLIC
CONNECT USER SA
SET AUTOCOMMIT FALSE
SET AUTOCOMMIT TRUE
DISCONNECT
/*C25*/SET SCHEMA PUBLIC
CONNECT USER SA
SET AUTOCOMMIT FALSE
SET AUTOCOMMIT TRUE
DISCONNECT
/*C26*/SET SCHEMA PUBLIC
CONNECT USER SA
SET AUTOCOMMIT FALSE
SET AUTOCOMMIT TRUE
DISCONNECT
/*C27*/SET SCHEMA PUBLIC
CONNECT USER SA
SET AUTOCOMMIT FALSE
SET AUTOCOMMIT TRUE
DISCONNECT
/*C28*/SET SCHEMA PUBLIC
CONNECT USER SA
SET AUTOCOMMIT FALSE
DELETE FROM COMP_KEY_EMPLOYEE WHERE EMPLOYEE_ID1=1 AND EMPLOYEE_ID2=1
DELETE FROM COMP_KEY_EMPLOYEE WHERE EMPLOYEE_ID1=2 AND EMPLOYEE_ID2=2
ROLLBACK
SET AUTOCOMMIT TRUE
DISCONNECT
/*C29*/SET SCHEMA PUBLIC
CONNECT USER SA
SET AUTOCOMMIT FALSE
DELETE FROM EMPLOYEE WHERE EMPLOYEE_ID=1
DELETE FROM EMPLOYEE WHERE EMPLOYEE_ID=2
ROLLBACK
SET AUTOCOMMIT TRUE
DISCONNECT
/*C30*/SET SCHEMA PUBLIC
CONNECT USER SA
SET AUTOCOMMIT FALSE
DELETE FROM EMPLOYEE WHERE EMPLOYEE_ID=1
DELETE FROM EMPLOYEE WHERE EMPLOYEE_ID=2
ROLLBACK
SET AUTOCOMMIT TRUE
DISCONNECT
/*C31*/SET SCHEMA PUBLIC
CONNECT USER SA
SET AUTOCOMMIT FALSE
DELETE FROM EMPLOYEE WHERE EMPLOYEE_ID=1
DELETE FROM EMPLOYEE WHERE EMPLOYEE_ID=2
ROLLBACK
SET AUTOCOMMIT TRUE
DISCONNECT
/*C32*/SET SCHEMA PUBLIC
CONNECT USER SA
SET AUTOCOMMIT FALSE
DELETE FROM EMPLOYEE WHERE EMPLOYEE_ID=1
DELETE FROM EMPLOYEE WHERE EMPLOYEE_ID=2
ROLLBACK
SET AUTOCOMMIT TRUE
DISCONNECT
/*C33*/SET SCHEMA PUBLIC
CONNECT USER SA
SET AUTOCOMMIT FALSE
INSERT INTO DEPARTMENT VALUES(99,99,'hoge','TOKYO',1)
ROLLBACK
SET AUTOCOMMIT TRUE
DISCONNECT
/*C34*/SET SCHEMA PUBLIC
CONNECT USER SA
SET AUTOCOMMIT FALSE
INSERT INTO COMP_KEY_DEPARTMENT VALUES(99,99,99,'hoge',NULL,1)
ROLLBACK
SET AUTOCOMMIT TRUE
DISCONNECT
/*C35*/SET SCHEMA PUBLIC
CONNECT USER SA
SET AUTOCOMMIT FALSE
INSERT INTO NO_ID VALUES(1,2)
ROLLBACK
SET AUTOCOMMIT TRUE
DISCONNECT
/*C36*/SET SCHEMA PUBLIC
CONNECT USER SA
SET AUTOCOMMIT FALSE
INSERT INTO IDENTITY_STRATEGY VALUES(1321,NULL)
INSERT INTO IDENTITY_STRATEGY VALUES(1322,NULL)
INSERT INTO IDENTITY_STRATEGY VALUES(1323,NULL)
INSERT INTO IDENTITY_STRATEGY VALUES(1324,NULL)
INSERT INTO IDENTITY_STRATEGY VALUES(1325,NULL)
INSERT INTO IDENTITY_STRATEGY VALUES(1326,NULL)
INSERT INTO IDENTITY_STRATEGY VALUES(1327,NULL)
INSERT INTO IDENTITY_STRATEGY VALUES(1328,NULL)
INSERT INTO IDENTITY_STRATEGY VALUES(1329,NULL)
INSERT INTO IDENTITY_STRATEGY VALUES(1330,NULL)
INSERT INTO IDENTITY_STRATEGY VALUES(1331,NULL)
INSERT INTO IDENTITY_STRATEGY VALUES(1332,NULL)
INSERT INTO IDENTITY_STRATEGY VALUES(1333,NULL)
INSERT INTO IDENTITY_STRATEGY VALUES(1334,NULL)
INSERT INTO IDENTITY_STRATEGY VALUES(1335,NULL)
INSERT INTO IDENTITY_STRATEGY VALUES(1336,NULL)
INSERT INTO IDENTITY_STRATEGY VALUES(1337,NULL)
INSERT INTO IDENTITY_STRATEGY VALUES(1338,NULL)
INSERT INTO IDENTITY_STRATEGY VALUES(1339,NULL)
INSERT INTO IDENTITY_STRATEGY VALUES(1340,NULL)
INSERT INTO IDENTITY_STRATEGY VALUES(1341,NULL)
INSERT INTO IDENTITY_STRATEGY VALUES(1342,NULL)
INSERT INTO IDENTITY_STRATEGY VALUES(1343,NULL)
INSERT INTO IDENTITY_STRATEGY VALUES(1344,NULL)
INSERT INTO IDENTITY_STRATEGY VALUES(1345,NULL)
INSERT INTO IDENTITY_STRATEGY VALUES(1346,NULL)
INSERT INTO IDENTITY_STRATEGY VALUES(1347,NULL)
INSERT INTO IDENTITY_STRATEGY VALUES(1348,NULL)
INSERT INTO IDENTITY_STRATEGY VALUES(1349,NULL)
INSERT INTO IDENTITY_STRATEGY VALUES(1350,NULL)
INSERT INTO IDENTITY_STRATEGY VALUES(1351,NULL)
INSERT INTO IDENTITY_STRATEGY VALUES(1352,NULL)
INSERT INTO IDENTITY_STRATEGY VALUES(1353,NULL)
INSERT INTO IDENTITY_STRATEGY VALUES(1354,NULL)
INSERT INTO IDENTITY_STRATEGY VALUES(1355,NULL)
INSERT INTO IDENTITY_STRATEGY VALUES(1356,NULL)
INSERT INTO IDENTITY_STRATEGY VALUES(1357,NULL)
INSERT INTO IDENTITY_STRATEGY VALUES(1358,NULL)
INSERT INTO IDENTITY_STRATEGY VALUES(1359,NULL)
INSERT INTO IDENTITY_STRATEGY VALUES(1360,NULL)
INSERT INTO IDENTITY_STRATEGY VALUES(1361,NULL)
INSERT INTO IDENTITY_STRATEGY VALUES(1362,NULL)
INSERT INTO IDENTITY_STRATEGY VALUES(1363,NULL)
INSERT INTO IDENTITY_STRATEGY VALUES(1364,NULL)
INSERT INTO IDENTITY_STRATEGY VALUES(1365,NULL)
INSERT INTO IDENTITY_STRATEGY VALUES(1366,NULL)
INSERT INTO IDENTITY_STRATEGY VALUES(1367,NULL)
INSERT INTO IDENTITY_STRATEGY VALUES(1368,NULL)
INSERT INTO IDENTITY_STRATEGY VALUES(1369,NULL)
INSERT INTO IDENTITY_STRATEGY VALUES(1370,NULL)
INSERT INTO IDENTITY_STRATEGY VALUES(1371,NULL)
INSERT INTO IDENTITY_STRATEGY VALUES(1372,NULL)
INSERT INTO IDENTITY_STRATEGY VALUES(1373,NULL)
INSERT INTO IDENTITY_STRATEGY VALUES(1374,NULL)
INSERT INTO IDENTITY_STRATEGY VALUES(1375,NULL)
INSERT INTO IDENTITY_STRATEGY VALUES(1376,NULL)
INSERT INTO IDENTITY_STRATEGY VALUES(1377,NULL)
INSERT INTO IDENTITY_STRATEGY VALUES(1378,NULL)
INSERT INTO IDENTITY_STRATEGY VALUES(1379,NULL)
INSERT INTO IDENTITY_STRATEGY VALUES(1380,NULL)
INSERT INTO IDENTITY_STRATEGY VALUES(1381,NULL)
INSERT INTO IDENTITY_STRATEGY VALUES(1382,NULL)
INSERT INTO IDENTITY_STRATEGY VALUES(1383,NULL)
INSERT INTO IDENTITY_STRATEGY VALUES(1384,NULL)
INSERT INTO IDENTITY_STRATEGY VALUES(1385,NULL)
INSERT INTO IDENTITY_STRATEGY VALUES(1386,NULL)
INSERT INTO IDENTITY_STRATEGY VALUES(1387,NULL)
INSERT INTO IDENTITY_STRATEGY VALUES(1388,NULL)
INSERT INTO IDENTITY_STRATEGY VALUES(1389,NULL)
INSERT INTO IDENTITY_STRATEGY VALUES(1390,NULL)
INSERT INTO IDENTITY_STRATEGY VALUES(1391,NULL)
INSERT INTO IDENTITY_STRATEGY VALUES(1392,NULL)
INSERT INTO IDENTITY_STRATEGY VALUES(1393,NULL)
INSERT INTO IDENTITY_STRATEGY VALUES(1394,NULL)
INSERT INTO IDENTITY_STRATEGY VALUES(1395,NULL)
INSERT INTO IDENTITY_STRATEGY VALUES(1396,NULL)
INSERT INTO IDENTITY_STRATEGY VALUES(1397,NULL)
INSERT INTO IDENTITY_STRATEGY VALUES(1398,NULL)
INSERT INTO IDENTITY_STRATEGY VALUES(1399,NULL)
INSERT INTO IDENTITY_STRATEGY VALUES(1400,NULL)
INSERT INTO IDENTITY_STRATEGY VALUES(1401,NULL)
INSERT INTO IDENTITY_STRATEGY VALUES(1402,NULL)
INSERT INTO IDENTITY_STRATEGY VALUES(1403,NULL)
INSERT INTO IDENTITY_STRATEGY VALUES(1404,NULL)
INSERT INTO IDENTITY_STRATEGY VALUES(1405,NULL)
INSERT INTO IDENTITY_STRATEGY VALUES(1406,NULL)
INSERT INTO IDENTITY_STRATEGY VALUES(1407,NULL)
INSERT INTO IDENTITY_STRATEGY VALUES(1408,NULL)
INSERT INTO IDENTITY_STRATEGY VALUES(1409,NULL)
INSERT INTO IDENTITY_STRATEGY VALUES(1410,NULL)
INSERT INTO IDENTITY_STRATEGY VALUES(1411,NULL)
INSERT INTO IDENTITY_STRATEGY VALUES(1412,NULL)
INSERT INTO IDENTITY_STRATEGY VALUES(1413,NULL)
INSERT INTO IDENTITY_STRATEGY VALUES(1414,NULL)
INSERT INTO IDENTITY_STRATEGY VALUES(1415,NULL)
INSERT INTO IDENTITY_STRATEGY VALUES(1416,NULL)
INSERT INTO IDENTITY_STRATEGY VALUES(1417,NULL)
INSERT INTO IDENTITY_STRATEGY VALUES(1418,NULL)
INSERT INTO IDENTITY_STRATEGY VALUES(1419,NULL)
INSERT INTO IDENTITY_STRATEGY VALUES(1420,NULL)
INSERT INTO IDENTITY_STRATEGY VALUES(1421,NULL)
INSERT INTO IDENTITY_STRATEGY VALUES(1422,NULL)
INSERT INTO IDENTITY_STRATEGY VALUES(1423,NULL)
INSERT INTO IDENTITY_STRATEGY VALUES(1424,NULL)
INSERT INTO IDENTITY_STRATEGY VALUES(1425,NULL)
INSERT INTO IDENTITY_STRATEGY VALUES(1426,NULL)
INSERT INTO IDENTITY_STRATEGY VALUES(1427,NULL)
INSERT INTO IDENTITY_STRATEGY VALUES(1428,NULL)
INSERT INTO IDENTITY_STRATEGY VALUES(1429,NULL)
INSERT INTO IDENTITY_STRATEGY VALUES(1430,NULL)
ROLLBACK
SET AUTOCOMMIT TRUE
DISCONNECT
/*C37*/SET SCHEMA PUBLIC
CONNECT USER SA
SET AUTOCOMMIT FALSE
ALTER SEQUENCE SEQUENCE_STRATEGY_ID RESTART WITH 3001
INSERT INTO SEQUENCE_STRATEGY VALUES(2901,NULL)
INSERT INTO SEQUENCE_STRATEGY VALUES(2902,NULL)
INSERT INTO SEQUENCE_STRATEGY VALUES(2903,NULL)
INSERT INTO SEQUENCE_STRATEGY VALUES(2904,NULL)
INSERT INTO SEQUENCE_STRATEGY VALUES(2905,NULL)
INSERT INTO SEQUENCE_STRATEGY VALUES(2906,NULL)
INSERT INTO SEQUENCE_STRATEGY VALUES(2907,NULL)
INSERT INTO SEQUENCE_STRATEGY VALUES(2908,NULL)
INSERT INTO SEQUENCE_STRATEGY VALUES(2909,NULL)
INSERT INTO SEQUENCE_STRATEGY VALUES(2910,NULL)
INSERT INTO SEQUENCE_STRATEGY VALUES(2911,NULL)
INSERT INTO SEQUENCE_STRATEGY VALUES(2912,NULL)
INSERT INTO SEQUENCE_STRATEGY VALUES(2913,NULL)
INSERT INTO SEQUENCE_STRATEGY VALUES(2914,NULL)
INSERT INTO SEQUENCE_STRATEGY VALUES(2915,NULL)
INSERT INTO SEQUENCE_STRATEGY VALUES(2916,NULL)
INSERT INTO SEQUENCE_STRATEGY VALUES(2917,NULL)
INSERT INTO SEQUENCE_STRATEGY VALUES(2918,NULL)
INSERT INTO SEQUENCE_STRATEGY VALUES(2919,NULL)
INSERT INTO SEQUENCE_STRATEGY VALUES(2920,NULL)
INSERT INTO SEQUENCE_STRATEGY VALUES(2921,NULL)
INSERT INTO SEQUENCE_STRATEGY VALUES(2922,NULL)
INSERT INTO SEQUENCE_STRATEGY VALUES(2923,NULL)
INSERT INTO SEQUENCE_STRATEGY VALUES(2924,NULL)
INSERT INTO SEQUENCE_STRATEGY VALUES(2925,NULL)
INSERT INTO SEQUENCE_STRATEGY VALUES(2926,NULL)
INSERT INTO SEQUENCE_STRATEGY VALUES(2927,NULL)
INSERT INTO SEQUENCE_STRATEGY VALUES(2928,NULL)
INSERT INTO SEQUENCE_STRATEGY VALUES(2929,NULL)
INSERT INTO SEQUENCE_STRATEGY VALUES(2930,NULL)
INSERT INTO SEQUENCE_STRATEGY VALUES(2931,NULL)
INSERT INTO SEQUENCE_STRATEGY VALUES(2932,NULL)
INSERT INTO SEQUENCE_STRATEGY VALUES(2933,NULL)
INSERT INTO SEQUENCE_STRATEGY VALUES(2934,NULL)
INSERT INTO SEQUENCE_STRATEGY VALUES(2935,NULL)
INSERT INTO SEQUENCE_STRATEGY VALUES(2936,NULL)
INSERT INTO SEQUENCE_STRATEGY VALUES(2937,NULL)
INSERT INTO SEQUENCE_STRATEGY VALUES(2938,NULL)
INSERT INTO SEQUENCE_STRATEGY VALUES(2939,NULL)
INSERT INTO SEQUENCE_STRATEGY VALUES(2940,NULL)
INSERT INTO SEQUENCE_STRATEGY VALUES(2941,NULL)
INSERT INTO SEQUENCE_STRATEGY VALUES(2942,NULL)
INSERT INTO SEQUENCE_STRATEGY VALUES(2943,NULL)
INSERT INTO SEQUENCE_STRATEGY VALUES(2944,NULL)
INSERT INTO SEQUENCE_STRATEGY VALUES(2945,NULL)
INSERT INTO SEQUENCE_STRATEGY VALUES(2946,NULL)
INSERT INTO SEQUENCE_STRATEGY VALUES(2947,NULL)
INSERT INTO SEQUENCE_STRATEGY VALUES(2948,NULL)
INSERT INTO SEQUENCE_STRATEGY VALUES(2949,NULL)
INSERT INTO SEQUENCE_STRATEGY VALUES(2950,NULL)
ALTER SEQUENCE SEQUENCE_STRATEGY_ID RESTART WITH 3101
INSERT INTO SEQUENCE_STRATEGY VALUES(3001,NULL)
INSERT INTO SEQUENCE_STRATEGY VALUES(3002,NULL)
INSERT INTO SEQUENCE_STRATEGY VALUES(3003,NULL)
INSERT INTO SEQUENCE_STRATEGY VALUES(3004,NULL)
INSERT INTO SEQUENCE_STRATEGY VALUES(3005,NULL)
INSERT INTO SEQUENCE_STRATEGY VALUES(3006,NULL)
INSERT INTO SEQUENCE_STRATEGY VALUES(3007,NULL)
INSERT INTO SEQUENCE_STRATEGY VALUES(3008,NULL)
INSERT INTO SEQUENCE_STRATEGY VALUES(3009,NULL)
INSERT INTO SEQUENCE_STRATEGY VALUES(3010,NULL)
INSERT INTO SEQUENCE_STRATEGY VALUES(3011,NULL)
INSERT INTO SEQUENCE_STRATEGY VALUES(3012,NULL)
INSERT INTO SEQUENCE_STRATEGY VALUES(3013,NULL)
INSERT INTO SEQUENCE_STRATEGY VALUES(3014,NULL)
INSERT INTO SEQUENCE_STRATEGY VALUES(3015,NULL)
INSERT INTO SEQUENCE_STRATEGY VALUES(3016,NULL)
INSERT INTO SEQUENCE_STRATEGY VALUES(3017,NULL)
INSERT INTO SEQUENCE_STRATEGY VALUES(3018,NULL)
INSERT INTO SEQUENCE_STRATEGY VALUES(3019,NULL)
INSERT INTO SEQUENCE_STRATEGY VALUES(3020,NULL)
INSERT INTO SEQUENCE_STRATEGY VALUES(3021,NULL)
INSERT INTO SEQUENCE_STRATEGY VALUES(3022,NULL)
INSERT INTO SEQUENCE_STRATEGY VALUES(3023,NULL)
INSERT INTO SEQUENCE_STRATEGY VALUES(3024,NULL)
INSERT INTO SEQUENCE_STRATEGY VALUES(3025,NULL)
INSERT INTO SEQUENCE_STRATEGY VALUES(3026,NULL)
INSERT INTO SEQUENCE_STRATEGY VALUES(3027,NULL)
INSERT INTO SEQUENCE_STRATEGY VALUES(3028,NULL)
INSERT INTO SEQUENCE_STRATEGY VALUES(3029,NULL)
INSERT INTO SEQUENCE_STRATEGY VALUES(3030,NULL)
INSERT INTO SEQUENCE_STRATEGY VALUES(3031,NULL)
INSERT INTO SEQUENCE_STRATEGY VALUES(3032,NULL)
INSERT INTO SEQUENCE_STRATEGY VALUES(3033,NULL)
INSERT INTO SEQUENCE_STRATEGY VALUES(3034,NULL)
INSERT INTO SEQUENCE_STRATEGY VALUES(3035,NULL)
INSERT INTO SEQUENCE_STRATEGY VALUES(3036,NULL)
INSERT INTO SEQUENCE_STRATEGY VALUES(3037,NULL)
INSERT INTO SEQUENCE_STRATEGY VALUES(3038,NULL)
INSERT INTO SEQUENCE_STRATEGY VALUES(3039,NULL)
INSERT INTO SEQUENCE_STRATEGY VALUES(3040,NULL)
INSERT INTO SEQUENCE_STRATEGY VALUES(3041,NULL)
INSERT INTO SEQUENCE_STRATEGY VALUES(3042,NULL)
INSERT INTO SEQUENCE_STRATEGY VALUES(3043,NULL)
INSERT INTO SEQUENCE_STRATEGY VALUES(3044,NULL)
INSERT INTO SEQUENCE_STRATEGY VALUES(3045,NULL)
INSERT INTO SEQUENCE_STRATEGY VALUES(3046,NULL)
INSERT INTO SEQUENCE_STRATEGY VALUES(3047,NULL)
INSERT INTO SEQUENCE_STRATEGY VALUES(3048,NULL)
INSERT INTO SEQUENCE_STRATEGY VALUES(3049,NULL)
INSERT INTO SEQUENCE_STRATEGY VALUES(3050,NULL)
ALTER SEQUENCE SEQUENCE_STRATEGY_ID RESTART WITH 3201
INSERT INTO SEQUENCE_STRATEGY VALUES(3101,NULL)
INSERT INTO SEQUENCE_STRATEGY VALUES(3102,NULL)
INSERT INTO SEQUENCE_STRATEGY VALUES(3103,NULL)
INSERT INTO SEQUENCE_STRATEGY VALUES(3104,NULL)
INSERT INTO SEQUENCE_STRATEGY VALUES(3105,NULL)
INSERT INTO SEQUENCE_STRATEGY VALUES(3106,NULL)
INSERT INTO SEQUENCE_STRATEGY VALUES(3107,NULL)
INSERT INTO SEQUENCE_STRATEGY VALUES(3108,NULL)
INSERT INTO SEQUENCE_STRATEGY VALUES(3109,NULL)
INSERT INTO SEQUENCE_STRATEGY VALUES(3110,NULL)
ROLLBACK
SET AUTOCOMMIT TRUE
DISCONNECT
/*C38*/SET SCHEMA PUBLIC
CONNECT USER SA
SET AUTOCOMMIT FALSE
DELETE FROM ID_GENERATOR WHERE PK='TABLE_STRATEGY_ID'
INSERT INTO ID_GENERATOR VALUES('TABLE_STRATEGY_ID',51)
INSERT INTO TABLE_STRATEGY VALUES(1,NULL)
INSERT INTO TABLE_STRATEGY VALUES(2,NULL)
INSERT INTO TABLE_STRATEGY VALUES(3,NULL)
INSERT INTO TABLE_STRATEGY VALUES(4,NULL)
INSERT INTO TABLE_STRATEGY VALUES(5,NULL)
INSERT INTO TABLE_STRATEGY VALUES(6,NULL)
INSERT INTO TABLE_STRATEGY VALUES(7,NULL)
INSERT INTO TABLE_STRATEGY VALUES(8,NULL)
INSERT INTO TABLE_STRATEGY VALUES(9,NULL)
INSERT INTO TABLE_STRATEGY VALUES(10,NULL)
INSERT INTO TABLE_STRATEGY VALUES(11,NULL)
INSERT INTO TABLE_STRATEGY VALUES(12,NULL)
INSERT INTO TABLE_STRATEGY VALUES(13,NULL)
INSERT INTO TABLE_STRATEGY VALUES(14,NULL)
INSERT INTO TABLE_STRATEGY VALUES(15,NULL)
INSERT INTO TABLE_STRATEGY VALUES(16,NULL)
INSERT INTO TABLE_STRATEGY VALUES(17,NULL)
INSERT INTO TABLE_STRATEGY VALUES(18,NULL)
INSERT INTO TABLE_STRATEGY VALUES(19,NULL)
INSERT INTO TABLE_STRATEGY VALUES(20,NULL)
INSERT INTO TABLE_STRATEGY VALUES(21,NULL)
INSERT INTO TABLE_STRATEGY VALUES(22,NULL)
INSERT INTO TABLE_STRATEGY VALUES(23,NULL)
INSERT INTO TABLE_STRATEGY VALUES(24,NULL)
INSERT INTO TABLE_STRATEGY VALUES(25,NULL)
INSERT INTO TABLE_STRATEGY VALUES(26,NULL)
INSERT INTO TABLE_STRATEGY VALUES(27,NULL)
INSERT INTO TABLE_STRATEGY VALUES(28,NULL)
INSERT INTO TABLE_STRATEGY VALUES(29,NULL)
INSERT INTO TABLE_STRATEGY VALUES(30,NULL)
INSERT INTO TABLE_STRATEGY VALUES(31,NULL)
INSERT INTO TABLE_STRATEGY VALUES(32,NULL)
INSERT INTO TABLE_STRATEGY VALUES(33,NULL)
INSERT INTO TABLE_STRATEGY VALUES(34,NULL)
INSERT INTO TABLE_STRATEGY VALUES(35,NULL)
INSERT INTO TABLE_STRATEGY VALUES(36,NULL)
INSERT INTO TABLE_STRATEGY VALUES(37,NULL)
INSERT INTO TABLE_STRATEGY VALUES(38,NULL)
INSERT INTO TABLE_STRATEGY VALUES(39,NULL)
INSERT INTO TABLE_STRATEGY VALUES(40,NULL)
INSERT INTO TABLE_STRATEGY VALUES(41,NULL)
INSERT INTO TABLE_STRATEGY VALUES(42,NULL)
INSERT INTO TABLE_STRATEGY VALUES(43,NULL)
INSERT INTO TABLE_STRATEGY VALUES(44,NULL)
INSERT INTO TABLE_STRATEGY VALUES(45,NULL)
INSERT INTO TABLE_STRATEGY VALUES(46,NULL)
INSERT INTO TABLE_STRATEGY VALUES(47,NULL)
INSERT INTO TABLE_STRATEGY VALUES(48,NULL)
INSERT INTO TABLE_STRATEGY VALUES(49,NULL)
INSERT INTO TABLE_STRATEGY VALUES(50,NULL)
DELETE FROM ID_GENERATOR WHERE PK='TABLE_STRATEGY_ID'
INSERT INTO ID_GENERATOR VALUES('TABLE_STRATEGY_ID',101)
INSERT INTO TABLE_STRATEGY VALUES(51,NULL)
INSERT INTO TABLE_STRATEGY VALUES(52,NULL)
INSERT INTO TABLE_STRATEGY VALUES(53,NULL)
INSERT INTO TABLE_STRATEGY VALUES(54,NULL)
INSERT INTO TABLE_STRATEGY VALUES(55,NULL)
INSERT INTO TABLE_STRATEGY VALUES(56,NULL)
INSERT INTO TABLE_STRATEGY VALUES(57,NULL)
INSERT INTO TABLE_STRATEGY VALUES(58,NULL)
INSERT INTO TABLE_STRATEGY VALUES(59,NULL)
INSERT INTO TABLE_STRATEGY VALUES(60,NULL)
INSERT INTO TABLE_STRATEGY VALUES(61,NULL)
INSERT INTO TABLE_STRATEGY VALUES(62,NULL)
INSERT INTO TABLE_STRATEGY VALUES(63,NULL)
INSERT INTO TABLE_STRATEGY VALUES(64,NULL)
INSERT INTO TABLE_STRATEGY VALUES(65,NULL)
INSERT INTO TABLE_STRATEGY VALUES(66,NULL)
INSERT INTO TABLE_STRATEGY VALUES(67,NULL)
INSERT INTO TABLE_STRATEGY VALUES(68,NULL)
INSERT INTO TABLE_STRATEGY VALUES(69,NULL)
INSERT INTO TABLE_STRATEGY VALUES(70,NULL)
INSERT INTO TABLE_STRATEGY VALUES(71,NULL)
INSERT INTO TABLE_STRATEGY VALUES(72,NULL)
INSERT INTO TABLE_STRATEGY VALUES(73,NULL)
INSERT INTO TABLE_STRATEGY VALUES(74,NULL)
INSERT INTO TABLE_STRATEGY VALUES(75,NULL)
INSERT INTO TABLE_STRATEGY VALUES(76,NULL)
INSERT INTO TABLE_STRATEGY VALUES(77,NULL)
INSERT INTO TABLE_STRATEGY VALUES(78,NULL)
INSERT INTO TABLE_STRATEGY VALUES(79,NULL)
INSERT INTO TABLE_STRATEGY VALUES(80,NULL)
INSERT INTO TABLE_STRATEGY VALUES(81,NULL)
INSERT INTO TABLE_STRATEGY VALUES(82,NULL)
INSERT INTO TABLE_STRATEGY VALUES(83,NULL)
INSERT INTO TABLE_STRATEGY VALUES(84,NULL)
INSERT INTO TABLE_STRATEGY VALUES(85,NULL)
INSERT INTO TABLE_STRATEGY VALUES(86,NULL)
INSERT INTO TABLE_STRATEGY VALUES(87,NULL)
INSERT INTO TABLE_STRATEGY VALUES(88,NULL)
INSERT INTO TABLE_STRATEGY VALUES(89,NULL)
INSERT INTO TABLE_STRATEGY VALUES(90,NULL)
INSERT INTO TABLE_STRATEGY VALUES(91,NULL)
INSERT INTO TABLE_STRATEGY VALUES(92,NULL)
INSERT INTO TABLE_STRATEGY VALUES(93,NULL)
INSERT INTO TABLE_STRATEGY VALUES(94,NULL)
INSERT INTO TABLE_STRATEGY VALUES(95,NULL)
INSERT INTO TABLE_STRATEGY VALUES(96,NULL)
INSERT INTO TABLE_STRATEGY VALUES(97,NULL)
INSERT INTO TABLE_STRATEGY VALUES(98,NULL)
INSERT INTO TABLE_STRATEGY VALUES(99,NULL)
INSERT INTO TABLE_STRATEGY VALUES(100,NULL)
DELETE FROM ID_GENERATOR WHERE PK='TABLE_STRATEGY_ID'
INSERT INTO ID_GENERATOR VALUES('TABLE_STRATEGY_ID',151)
INSERT INTO TABLE_STRATEGY VALUES(101,NULL)
INSERT INTO TABLE_STRATEGY VALUES(102,NULL)
INSERT INTO TABLE_STRATEGY VALUES(103,NULL)
INSERT INTO TABLE_STRATEGY VALUES(104,NULL)
INSERT INTO TABLE_STRATEGY VALUES(105,NULL)
INSERT INTO TABLE_STRATEGY VALUES(106,NULL)
INSERT INTO TABLE_STRATEGY VALUES(107,NULL)
INSERT INTO TABLE_STRATEGY VALUES(108,NULL)
INSERT INTO TABLE_STRATEGY VALUES(109,NULL)
INSERT INTO TABLE_STRATEGY VALUES(110,NULL)
ROLLBACK
SET AUTOCOMMIT TRUE
DISCONNECT
/*C39*/SET SCHEMA PUBLIC
CONNECT USER SA
SET AUTOCOMMIT FALSE
INSERT INTO DEPARTMENT VALUES(99,99,'hoge',NULL,1)
ROLLBACK
SET AUTOCOMMIT TRUE
DISCONNECT
/*C40*/SET SCHEMA PUBLIC
CONNECT USER SA
SET AUTOCOMMIT FALSE
DELETE FROM DEPARTMENT WHERE DEPARTMENT_ID=1
INSERT INTO DEPARTMENT VALUES(1,1,'hoge',NULL,100)
DELETE FROM DEPARTMENT WHERE DEPARTMENT_ID=2
INSERT INTO DEPARTMENT VALUES(2,2,'foo',NULL,200)
ROLLBACK
SET AUTOCOMMIT TRUE
DISCONNECT
/*C41*/SET SCHEMA PUBLIC
CONNECT USER SA
SET AUTOCOMMIT FALSE
DELETE FROM COMP_KEY_DEPARTMENT WHERE DEPARTMENT_ID1=1 AND DEPARTMENT_ID2=1
INSERT INTO COMP_KEY_DEPARTMENT VALUES(1,1,1,'hoge',NULL,2)
DELETE FROM COMP_KEY_DEPARTMENT WHERE DEPARTMENT_ID1=2 AND DEPARTMENT_ID2=2
INSERT INTO COMP_KEY_DEPARTMENT VALUES(2,2,2,'foo',NULL,2)
ROLLBACK
SET AUTOCOMMIT TRUE
DISCONNECT
/*C42*/SET SCHEMA PUBLIC
CONNECT USER SA
SET AUTOCOMMIT FALSE
DELETE FROM DEPARTMENT WHERE DEPARTMENT_ID=1
INSERT INTO DEPARTMENT VALUES(1,10,'hoge','NEW YORK',2)
DELETE FROM DEPARTMENT WHERE DEPARTMENT_ID=2
INSERT INTO DEPARTMENT VALUES(2,20,'foo','DALLAS',2)
ROLLBACK
SET AUTOCOMMIT TRUE
DISCONNECT
/*C43*/SET SCHEMA PUBLIC
CONNECT USER SA
SET AUTOCOMMIT FALSE
DELETE FROM DEPARTMENT WHERE DEPARTMENT_ID=1
INSERT INTO DEPARTMENT VALUES(1,10,'hoge','NEW YORK',2)
DELETE FROM DEPARTMENT WHERE DEPARTMENT_ID=2
INSERT INTO DEPARTMENT VALUES(2,20,'foo','DALLAS',2)
ROLLBACK
SET AUTOCOMMIT TRUE
DISCONNECT
/*C44*/SET SCHEMA PUBLIC
CONNECT USER SA
SET AUTOCOMMIT FALSE
DELETE FROM DEPARTMENT WHERE DEPARTMENT_ID=1
INSERT INTO DEPARTMENT VALUES(1,1,'hoge',NULL,2)
DELETE FROM DEPARTMENT WHERE DEPARTMENT_ID=2
INSERT INTO DEPARTMENT VALUES(2,2,'foo',NULL,2)
ROLLBACK
SET AUTOCOMMIT TRUE
DISCONNECT
/*C45*/SET SCHEMA PUBLIC
CONNECT USER SA
SET AUTOCOMMIT FALSE
DELETE FROM COMP_KEY_EMPLOYEE WHERE EMPLOYEE_ID1=1 AND EMPLOYEE_ID2=1
ROLLBACK
SET AUTOCOMMIT TRUE
DISCONNECT
/*C46*/SET SCHEMA PUBLIC
CONNECT USER SA
SET AUTOCOMMIT FALSE
DELETE FROM EMPLOYEE WHERE EMPLOYEE_ID=1
ROLLBACK
SET AUTOCOMMIT TRUE
DISCONNECT
/*C47*/SET SCHEMA PUBLIC
CONNECT USER SA
SET AUTOCOMMIT FALSE
DELETE FROM EMPLOYEE WHERE EMPLOYEE_ID=1
ROLLBACK
SET AUTOCOMMIT TRUE
DISCONNECT
/*C48*/SET SCHEMA PUBLIC
CONNECT USER SA
SET AUTOCOMMIT FALSE
DELETE FROM EMPLOYEE WHERE EMPLOYEE_ID=1
ROLLBACK
SET AUTOCOMMIT TRUE
DISCONNECT
/*C49*/SET SCHEMA PUBLIC
CONNECT USER SA
SET AUTOCOMMIT FALSE
DELETE FROM EMPLOYEE WHERE EMPLOYEE_ID=1
ROLLBACK
SET AUTOCOMMIT TRUE
DISCONNECT
/*C50*/SET SCHEMA PUBLIC
CONNECT USER SA
SET AUTOCOMMIT FALSE
INSERT INTO COMP_KEY_DEPARTMENT VALUES(99,99,99,'hoge',NULL,1)
INSERT INTO COMP_KEY_DEPARTMENT VALUES(98,98,98,'hoge',NULL,1)
ROLLBACK
SET AUTOCOMMIT TRUE
DISCONNECT
/*C51*/SET SCHEMA PUBLIC
CONNECT USER SA
SET AUTOCOMMIT FALSE
INSERT INTO NO_ID VALUES(1,2)
INSERT INTO NO_ID VALUES(1,2)
ROLLBACK
SET AUTOCOMMIT TRUE
DISCONNECT
/*C52*/SET SCHEMA PUBLIC
CONNECT USER SA
SET AUTOCOMMIT FALSE
INSERT INTO IDENTITY_STRATEGY VALUES(1431,NULL)
INSERT INTO IDENTITY_STRATEGY VALUES(1432,NULL)
INSERT INTO IDENTITY_STRATEGY VALUES(1433,NULL)
INSERT INTO IDENTITY_STRATEGY VALUES(1434,NULL)
INSERT INTO IDENTITY_STRATEGY VALUES(1435,NULL)
INSERT INTO IDENTITY_STRATEGY VALUES(1436,NULL)
INSERT INTO IDENTITY_STRATEGY VALUES(1437,NULL)
INSERT INTO IDENTITY_STRATEGY VALUES(1438,NULL)
INSERT INTO IDENTITY_STRATEGY VALUES(1439,NULL)
INSERT INTO IDENTITY_STRATEGY VALUES(1440,NULL)
INSERT INTO IDENTITY_STRATEGY VALUES(1441,NULL)
INSERT INTO IDENTITY_STRATEGY VALUES(1442,NULL)
INSERT INTO IDENTITY_STRATEGY VALUES(1443,NULL)
INSERT INTO IDENTITY_STRATEGY VALUES(1444,NULL)
INSERT INTO IDENTITY_STRATEGY VALUES(1445,NULL)
INSERT INTO IDENTITY_STRATEGY VALUES(1446,NULL)
INSERT INTO IDENTITY_STRATEGY VALUES(1447,NULL)
INSERT INTO IDENTITY_STRATEGY VALUES(1448,NULL)
INSERT INTO IDENTITY_STRATEGY VALUES(1449,NULL)
INSERT INTO IDENTITY_STRATEGY VALUES(1450,NULL)
INSERT INTO IDENTITY_STRATEGY VALUES(1451,NULL)
INSERT INTO IDENTITY_STRATEGY VALUES(1452,NULL)
INSERT INTO IDENTITY_STRATEGY VALUES(1453,NULL)
INSERT INTO IDENTITY_STRATEGY VALUES(1454,NULL)
INSERT INTO IDENTITY_STRATEGY VALUES(1455,NULL)
INSERT INTO IDENTITY_STRATEGY VALUES(1456,NULL)
INSERT INTO IDENTITY_STRATEGY VALUES(1457,NULL)
INSERT INTO IDENTITY_STRATEGY VALUES(1458,NULL)
INSERT INTO IDENTITY_STRATEGY VALUES(1459,NULL)
INSERT INTO IDENTITY_STRATEGY VALUES(1460,NULL)
INSERT INTO IDENTITY_STRATEGY VALUES(1461,NULL)
INSERT INTO IDENTITY_STRATEGY VALUES(1462,NULL)
INSERT INTO IDENTITY_STRATEGY VALUES(1463,NULL)
INSERT INTO IDENTITY_STRATEGY VALUES(1464,NULL)
INSERT INTO IDENTITY_STRATEGY VALUES(1465,NULL)
INSERT INTO IDENTITY_STRATEGY VALUES(1466,NULL)
INSERT INTO IDENTITY_STRATEGY VALUES(1467,NULL)
INSERT INTO IDENTITY_STRATEGY VALUES(1468,NULL)
INSERT INTO IDENTITY_STRATEGY VALUES(1469,NULL)
INSERT INTO IDENTITY_STRATEGY VALUES(1470,NULL)
INSERT INTO IDENTITY_STRATEGY VALUES(1471,NULL)
INSERT INTO IDENTITY_STRATEGY VALUES(1472,NULL)
INSERT INTO IDENTITY_STRATEGY VALUES(1473,NULL)
INSERT INTO IDENTITY_STRATEGY VALUES(1474,NULL)
INSERT INTO IDENTITY_STRATEGY VALUES(1475,NULL)
INSERT INTO IDENTITY_STRATEGY VALUES(1476,NULL)
INSERT INTO IDENTITY_STRATEGY VALUES(1477,NULL)
INSERT INTO IDENTITY_STRATEGY VALUES(1478,NULL)
INSERT INTO IDENTITY_STRATEGY VALUES(1479,NULL)
INSERT INTO IDENTITY_STRATEGY VALUES(1480,NULL)
INSERT INTO IDENTITY_STRATEGY VALUES(1481,NULL)
INSERT INTO IDENTITY_STRATEGY VALUES(1482,NULL)
INSERT INTO IDENTITY_STRATEGY VALUES(1483,NULL)
INSERT INTO IDENTITY_STRATEGY VALUES(1484,NULL)
INSERT INTO IDENTITY_STRATEGY VALUES(1485,NULL)
INSERT INTO IDENTITY_STRATEGY VALUES(1486,NULL)
INSERT INTO IDENTITY_STRATEGY VALUES(1487,NULL)
INSERT INTO IDENTITY_STRATEGY VALUES(1488,NULL)
INSERT INTO IDENTITY_STRATEGY VALUES(1489,NULL)
INSERT INTO IDENTITY_STRATEGY VALUES(1490,NULL)
INSERT INTO IDENTITY_STRATEGY VALUES(1491,NULL)
INSERT INTO IDENTITY_STRATEGY VALUES(1492,NULL)
INSERT INTO IDENTITY_STRATEGY VALUES(1493,NULL)
INSERT INTO IDENTITY_STRATEGY VALUES(1494,NULL)
INSERT INTO IDENTITY_STRATEGY VALUES(1495,NULL)
INSERT INTO IDENTITY_STRATEGY VALUES(1496,NULL)
INSERT INTO IDENTITY_STRATEGY VALUES(1497,NULL)
INSERT INTO IDENTITY_STRATEGY VALUES(1498,NULL)
INSERT INTO IDENTITY_STRATEGY VALUES(1499,NULL)
INSERT INTO IDENTITY_STRATEGY VALUES(1500,NULL)
INSERT INTO IDENTITY_STRATEGY VALUES(1501,NULL)
INSERT INTO IDENTITY_STRATEGY VALUES(1502,NULL)
INSERT INTO IDENTITY_STRATEGY VALUES(1503,NULL)
INSERT INTO IDENTITY_STRATEGY VALUES(1504,NULL)
INSERT INTO IDENTITY_STRATEGY VALUES(1505,NULL)
INSERT INTO IDENTITY_STRATEGY VALUES(1506,NULL)
INSERT INTO IDENTITY_STRATEGY VALUES(1507,NULL)
INSERT INTO IDENTITY_STRATEGY VALUES(1508,NULL)
INSERT INTO IDENTITY_STRATEGY VALUES(1509,NULL)
INSERT INTO IDENTITY_STRATEGY VALUES(1510,NULL)
INSERT INTO IDENTITY_STRATEGY VALUES(1511,NULL)
INSERT INTO IDENTITY_STRATEGY VALUES(1512,NULL)
INSERT INTO IDENTITY_STRATEGY VALUES(1513,NULL)
INSERT INTO IDENTITY_STRATEGY VALUES(1514,NULL)
INSERT INTO IDENTITY_STRATEGY VALUES(1515,NULL)
INSERT INTO IDENTITY_STRATEGY VALUES(1516,NULL)
INSERT INTO IDENTITY_STRATEGY VALUES(1517,NULL)
INSERT INTO IDENTITY_STRATEGY VALUES(1518,NULL)
INSERT INTO IDENTITY_STRATEGY VALUES(1519,NULL)
INSERT INTO IDENTITY_STRATEGY VALUES(1520,NULL)
INSERT INTO IDENTITY_STRATEGY VALUES(1521,NULL)
INSERT INTO IDENTITY_STRATEGY VALUES(1522,NULL)
INSERT INTO IDENTITY_STRATEGY VALUES(1523,NULL)
INSERT INTO IDENTITY_STRATEGY VALUES(1524,NULL)
INSERT INTO IDENTITY_STRATEGY VALUES(1525,NULL)
INSERT INTO IDENTITY_STRATEGY VALUES(1526,NULL)
INSERT INTO IDENTITY_STRATEGY VALUES(1527,NULL)
INSERT INTO IDENTITY_STRATEGY VALUES(1528,NULL)
INSERT INTO IDENTITY_STRATEGY VALUES(1529,NULL)
INSERT INTO IDENTITY_STRATEGY VALUES(1530,NULL)
INSERT INTO IDENTITY_STRATEGY VALUES(1531,NULL)
INSERT INTO IDENTITY_STRATEGY VALUES(1532,NULL)
INSERT INTO IDENTITY_STRATEGY VALUES(1533,NULL)
INSERT INTO IDENTITY_STRATEGY VALUES(1534,NULL)
INSERT INTO IDENTITY_STRATEGY VALUES(1535,NULL)
INSERT INTO IDENTITY_STRATEGY VALUES(1536,NULL)
INSERT INTO IDENTITY_STRATEGY VALUES(1537,NULL)
INSERT INTO IDENTITY_STRATEGY VALUES(1538,NULL)
INSERT INTO IDENTITY_STRATEGY VALUES(1539,NULL)
INSERT INTO IDENTITY_STRATEGY VALUES(1540,NULL)
INSERT INTO IDENTITY_STRATEGY VALUES(1541,NULL)
INSERT INTO IDENTITY_STRATEGY VALUES(1542,NULL)
INSERT INTO IDENTITY_STRATEGY VALUES(1543,NULL)
INSERT INTO IDENTITY_STRATEGY VALUES(1544,NULL)
INSERT INTO IDENTITY_STRATEGY VALUES(1545,NULL)
INSERT INTO IDENTITY_STRATEGY VALUES(1546,NULL)
INSERT INTO IDENTITY_STRATEGY VALUES(1547,NULL)
INSERT INTO IDENTITY_STRATEGY VALUES(1548,NULL)
INSERT INTO IDENTITY_STRATEGY VALUES(1549,NULL)
INSERT INTO IDENTITY_STRATEGY VALUES(1550,NULL)
INSERT INTO IDENTITY_STRATEGY VALUES(1551,NULL)
INSERT INTO IDENTITY_STRATEGY VALUES(1552,NULL)
INSERT INTO IDENTITY_STRATEGY VALUES(1553,NULL)
INSERT INTO IDENTITY_STRATEGY VALUES(1554,NULL)
INSERT INTO IDENTITY_STRATEGY VALUES(1555,NULL)
INSERT INTO IDENTITY_STRATEGY VALUES(1556,NULL)
INSERT INTO IDENTITY_STRATEGY VALUES(1557,NULL)
INSERT INTO IDENTITY_STRATEGY VALUES(1558,NULL)
INSERT INTO IDENTITY_STRATEGY VALUES(1559,NULL)
INSERT INTO IDENTITY_STRATEGY VALUES(1560,NULL)
INSERT INTO IDENTITY_STRATEGY VALUES(1561,NULL)
INSERT INTO IDENTITY_STRATEGY VALUES(1562,NULL)
INSERT INTO IDENTITY_STRATEGY VALUES(1563,NULL)
INSERT INTO IDENTITY_STRATEGY VALUES(1564,NULL)
INSERT INTO IDENTITY_STRATEGY VALUES(1565,NULL)
INSERT INTO IDENTITY_STRATEGY VALUES(1566,NULL)
INSERT INTO IDENTITY_STRATEGY VALUES(1567,NULL)
INSERT INTO IDENTITY_STRATEGY VALUES(1568,NULL)
INSERT INTO IDENTITY_STRATEGY VALUES(1569,NULL)
INSERT INTO IDENTITY_STRATEGY VALUES(1570,NULL)
INSERT INTO IDENTITY_STRATEGY VALUES(1571,NULL)
INSERT INTO IDENTITY_STRATEGY VALUES(1572,NULL)
INSERT INTO IDENTITY_STRATEGY VALUES(1573,NULL)
INSERT INTO IDENTITY_STRATEGY VALUES(1574,NULL)
INSERT INTO IDENTITY_STRATEGY VALUES(1575,NULL)
INSERT INTO IDENTITY_STRATEGY VALUES(1576,NULL)
INSERT INTO IDENTITY_STRATEGY VALUES(1577,NULL)
INSERT INTO IDENTITY_STRATEGY VALUES(1578,NULL)
INSERT INTO IDENTITY_STRATEGY VALUES(1579,NULL)
INSERT INTO IDENTITY_STRATEGY VALUES(1580,NULL)
INSERT INTO IDENTITY_STRATEGY VALUES(1581,NULL)
INSERT INTO IDENTITY_STRATEGY VALUES(1582,NULL)
INSERT INTO IDENTITY_STRATEGY VALUES(1583,NULL)
INSERT INTO IDENTITY_STRATEGY VALUES(1584,NULL)
INSERT INTO IDENTITY_STRATEGY VALUES(1585,NULL)
INSERT INTO IDENTITY_STRATEGY VALUES(1586,NULL)
INSERT INTO IDENTITY_STRATEGY VALUES(1587,NULL)
INSERT INTO IDENTITY_STRATEGY VALUES(1588,NULL)
INSERT INTO IDENTITY_STRATEGY VALUES(1589,NULL)
INSERT INTO IDENTITY_STRATEGY VALUES(1590,NULL)
INSERT INTO IDENTITY_STRATEGY VALUES(1591,NULL)
INSERT INTO IDENTITY_STRATEGY VALUES(1592,NULL)
INSERT INTO IDENTITY_STRATEGY VALUES(1593,NULL)
INSERT INTO IDENTITY_STRATEGY VALUES(1594,NULL)
INSERT INTO IDENTITY_STRATEGY VALUES(1595,NULL)
INSERT INTO IDENTITY_STRATEGY VALUES(1596,NULL)
INSERT INTO IDENTITY_STRATEGY VALUES(1597,NULL)
INSERT INTO IDENTITY_STRATEGY VALUES(1598,NULL)
INSERT INTO IDENTITY_STRATEGY VALUES(1599,NULL)
INSERT INTO IDENTITY_STRATEGY VALUES(1600,NULL)
INSERT INTO IDENTITY_STRATEGY VALUES(1601,NULL)
INSERT INTO IDENTITY_STRATEGY VALUES(1602,NULL)
INSERT INTO IDENTITY_STRATEGY VALUES(1603,NULL)
INSERT INTO IDENTITY_STRATEGY VALUES(1604,NULL)
INSERT INTO IDENTITY_STRATEGY VALUES(1605,NULL)
INSERT INTO IDENTITY_STRATEGY VALUES(1606,NULL)
INSERT INTO IDENTITY_STRATEGY VALUES(1607,NULL)
INSERT INTO IDENTITY_STRATEGY VALUES(1608,NULL)
INSERT INTO IDENTITY_STRATEGY VALUES(1609,NULL)
INSERT INTO IDENTITY_STRATEGY VALUES(1610,NULL)
INSERT INTO IDENTITY_STRATEGY VALUES(1611,NULL)
INSERT INTO IDENTITY_STRATEGY VALUES(1612,NULL)
INSERT INTO IDENTITY_STRATEGY VALUES(1613,NULL)
INSERT INTO IDENTITY_STRATEGY VALUES(1614,NULL)
INSERT INTO IDENTITY_STRATEGY VALUES(1615,NULL)
INSERT INTO IDENTITY_STRATEGY VALUES(1616,NULL)
INSERT INTO IDENTITY_STRATEGY VALUES(1617,NULL)
INSERT INTO IDENTITY_STRATEGY VALUES(1618,NULL)
INSERT INTO IDENTITY_STRATEGY VALUES(1619,NULL)
INSERT INTO IDENTITY_STRATEGY VALUES(1620,NULL)
INSERT INTO IDENTITY_STRATEGY VALUES(1621,NULL)
INSERT INTO IDENTITY_STRATEGY VALUES(1622,NULL)
INSERT INTO IDENTITY_STRATEGY VALUES(1623,NULL)
INSERT INTO IDENTITY_STRATEGY VALUES(1624,NULL)
INSERT INTO IDENTITY_STRATEGY VALUES(1625,NULL)
INSERT INTO IDENTITY_STRATEGY VALUES(1626,NULL)
INSERT INTO IDENTITY_STRATEGY VALUES(1627,NULL)
INSERT INTO IDENTITY_STRATEGY VALUES(1628,NULL)
INSERT INTO IDENTITY_STRATEGY VALUES(1629,NULL)
INSERT INTO IDENTITY_STRATEGY VALUES(1630,NULL)
INSERT INTO IDENTITY_STRATEGY VALUES(1631,NULL)
INSERT INTO IDENTITY_STRATEGY VALUES(1632,NULL)
INSERT INTO IDENTITY_STRATEGY VALUES(1633,NULL)
INSERT INTO IDENTITY_STRATEGY VALUES(1634,NULL)
INSERT INTO IDENTITY_STRATEGY VALUES(1635,NULL)
INSERT INTO IDENTITY_STRATEGY VALUES(1636,NULL)
INSERT INTO IDENTITY_STRATEGY VALUES(1637,NULL)
INSERT INTO IDENTITY_STRATEGY VALUES(1638,NULL)
INSERT INTO IDENTITY_STRATEGY VALUES(1639,NULL)
INSERT INTO IDENTITY_STRATEGY VALUES(1640,NULL)
INSERT INTO IDENTITY_STRATEGY VALUES(1641,NULL)
INSERT INTO IDENTITY_STRATEGY VALUES(1642,NULL)
INSERT INTO IDENTITY_STRATEGY VALUES(1643,NULL)
INSERT INTO IDENTITY_STRATEGY VALUES(1644,NULL)
INSERT INTO IDENTITY_STRATEGY VALUES(1645,NULL)
INSERT INTO IDENTITY_STRATEGY VALUES(1646,NULL)
INSERT INTO IDENTITY_STRATEGY VALUES(1647,NULL)
INSERT INTO IDENTITY_STRATEGY VALUES(1648,NULL)
INSERT INTO IDENTITY_STRATEGY VALUES(1649,NULL)
INSERT INTO IDENTITY_STRATEGY VALUES(1650,NULL)
ROLLBACK
SET AUTOCOMMIT TRUE
DISCONNECT
/*C53*/SET SCHEMA PUBLIC
CONNECT USER SA
SET AUTOCOMMIT FALSE
INSERT INTO SEQUENCE_STRATEGY VALUES(3111,NULL)
INSERT INTO SEQUENCE_STRATEGY VALUES(3112,NULL)
INSERT INTO SEQUENCE_STRATEGY VALUES(3113,NULL)
INSERT INTO SEQUENCE_STRATEGY VALUES(3114,NULL)
INSERT INTO SEQUENCE_STRATEGY VALUES(3115,NULL)
INSERT INTO SEQUENCE_STRATEGY VALUES(3116,NULL)
INSERT INTO SEQUENCE_STRATEGY VALUES(3117,NULL)
INSERT INTO SEQUENCE_STRATEGY VALUES(3118,NULL)
INSERT INTO SEQUENCE_STRATEGY VALUES(3119,NULL)
INSERT INTO SEQUENCE_STRATEGY VALUES(3120,NULL)
INSERT INTO SEQUENCE_STRATEGY VALUES(3121,NULL)
INSERT INTO SEQUENCE_STRATEGY VALUES(3122,NULL)
INSERT INTO SEQUENCE_STRATEGY VALUES(3123,NULL)
INSERT INTO SEQUENCE_STRATEGY VALUES(3124,NULL)
INSERT INTO SEQUENCE_STRATEGY VALUES(3125,NULL)
INSERT INTO SEQUENCE_STRATEGY VALUES(3126,NULL)
INSERT INTO SEQUENCE_STRATEGY VALUES(3127,NULL)
INSERT INTO SEQUENCE_STRATEGY VALUES(3128,NULL)
INSERT INTO SEQUENCE_STRATEGY VALUES(3129,NULL)
INSERT INTO SEQUENCE_STRATEGY VALUES(3130,NULL)
INSERT INTO SEQUENCE_STRATEGY VALUES(3131,NULL)
INSERT INTO SEQUENCE_STRATEGY VALUES(3132,NULL)
INSERT INTO SEQUENCE_STRATEGY VALUES(3133,NULL)
INSERT INTO SEQUENCE_STRATEGY VALUES(3134,NULL)
INSERT INTO SEQUENCE_STRATEGY VALUES(3135,NULL)
INSERT INTO SEQUENCE_STRATEGY VALUES(3136,NULL)
INSERT INTO SEQUENCE_STRATEGY VALUES(3137,NULL)
INSERT INTO SEQUENCE_STRATEGY VALUES(3138,NULL)
INSERT INTO SEQUENCE_STRATEGY VALUES(3139,NULL)
INSERT INTO SEQUENCE_STRATEGY VALUES(3140,NULL)
INSERT INTO SEQUENCE_STRATEGY VALUES(3141,NULL)
INSERT INTO SEQUENCE_STRATEGY VALUES(3142,NULL)
INSERT INTO SEQUENCE_STRATEGY VALUES(3143,NULL)
INSERT INTO SEQUENCE_STRATEGY VALUES(3144,NULL)
INSERT INTO SEQUENCE_STRATEGY VALUES(3145,NULL)
INSERT INTO SEQUENCE_STRATEGY VALUES(3146,NULL)
INSERT INTO SEQUENCE_STRATEGY VALUES(3147,NULL)
INSERT INTO SEQUENCE_STRATEGY VALUES(3148,NULL)
INSERT INTO SEQUENCE_STRATEGY VALUES(3149,NULL)
INSERT INTO SEQUENCE_STRATEGY VALUES(3150,NULL)
ALTER SEQUENCE SEQUENCE_STRATEGY_ID RESTART WITH 3301
INSERT INTO SEQUENCE_STRATEGY VALUES(3201,NULL)
INSERT INTO SEQUENCE_STRATEGY VALUES(3202,NULL)
INSERT INTO SEQUENCE_STRATEGY VALUES(3203,NULL)
INSERT INTO SEQUENCE_STRATEGY VALUES(3204,NULL)
INSERT INTO SEQUENCE_STRATEGY VALUES(3205,NULL)
INSERT INTO SEQUENCE_STRATEGY VALUES(3206,NULL)
INSERT INTO SEQUENCE_STRATEGY VALUES(3207,NULL)
INSERT INTO SEQUENCE_STRATEGY VALUES(3208,NULL)
INSERT INTO SEQUENCE_STRATEGY VALUES(3209,NULL)
INSERT INTO SEQUENCE_STRATEGY VALUES(3210,NULL)
INSERT INTO SEQUENCE_STRATEGY VALUES(3211,NULL)
INSERT INTO SEQUENCE_STRATEGY VALUES(3212,NULL)
INSERT INTO SEQUENCE_STRATEGY VALUES(3213,NULL)
INSERT INTO SEQUENCE_STRATEGY VALUES(3214,NULL)
INSERT INTO SEQUENCE_STRATEGY VALUES(3215,NULL)
INSERT INTO SEQUENCE_STRATEGY VALUES(3216,NULL)
INSERT INTO SEQUENCE_STRATEGY VALUES(3217,NULL)
INSERT INTO SEQUENCE_STRATEGY VALUES(3218,NULL)
INSERT INTO SEQUENCE_STRATEGY VALUES(3219,NULL)
INSERT INTO SEQUENCE_STRATEGY VALUES(3220,NULL)
INSERT INTO SEQUENCE_STRATEGY VALUES(3221,NULL)
INSERT INTO SEQUENCE_STRATEGY VALUES(3222,NULL)
INSERT INTO SEQUENCE_STRATEGY VALUES(3223,NULL)
INSERT INTO SEQUENCE_STRATEGY VALUES(3224,NULL)
INSERT INTO SEQUENCE_STRATEGY VALUES(3225,NULL)
INSERT INTO SEQUENCE_STRATEGY VALUES(3226,NULL)
INSERT INTO SEQUENCE_STRATEGY VALUES(3227,NULL)
INSERT INTO SEQUENCE_STRATEGY VALUES(3228,NULL)
INSERT INTO SEQUENCE_STRATEGY VALUES(3229,NULL)
INSERT INTO SEQUENCE_STRATEGY VALUES(3230,NULL)
INSERT INTO SEQUENCE_STRATEGY VALUES(3231,NULL)
INSERT INTO SEQUENCE_STRATEGY VALUES(3232,NULL)
INSERT INTO SEQUENCE_STRATEGY VALUES(3233,NULL)
INSERT INTO SEQUENCE_STRATEGY VALUES(3234,NULL)
INSERT INTO SEQUENCE_STRATEGY VALUES(3235,NULL)
INSERT INTO SEQUENCE_STRATEGY VALUES(3236,NULL)
INSERT INTO SEQUENCE_STRATEGY VALUES(3237,NULL)
INSERT INTO SEQUENCE_STRATEGY VALUES(3238,NULL)
INSERT INTO SEQUENCE_STRATEGY VALUES(3239,NULL)
INSERT INTO SEQUENCE_STRATEGY VALUES(3240,NULL)
INSERT INTO SEQUENCE_STRATEGY VALUES(3241,NULL)
INSERT INTO SEQUENCE_STRATEGY VALUES(3242,NULL)
INSERT INTO SEQUENCE_STRATEGY VALUES(3243,NULL)
INSERT INTO SEQUENCE_STRATEGY VALUES(3244,NULL)
INSERT INTO SEQUENCE_STRATEGY VALUES(3245,NULL)
INSERT INTO SEQUENCE_STRATEGY VALUES(3246,NULL)
INSERT INTO SEQUENCE_STRATEGY VALUES(3247,NULL)
INSERT INTO SEQUENCE_STRATEGY VALUES(3248,NULL)
INSERT INTO SEQUENCE_STRATEGY VALUES(3249,NULL)
INSERT INTO SEQUENCE_STRATEGY VALUES(3250,NULL)
ALTER SEQUENCE SEQUENCE_STRATEGY_ID RESTART WITH 3401
INSERT INTO SEQUENCE_STRATEGY VALUES(3301,NULL)
INSERT INTO SEQUENCE_STRATEGY VALUES(3302,NULL)
INSERT INTO SEQUENCE_STRATEGY VALUES(3303,NULL)
INSERT INTO SEQUENCE_STRATEGY VALUES(3304,NULL)
INSERT INTO SEQUENCE_STRATEGY VALUES(3305,NULL)
INSERT INTO SEQUENCE_STRATEGY VALUES(3306,NULL)
INSERT INTO SEQUENCE_STRATEGY VALUES(3307,NULL)
INSERT INTO SEQUENCE_STRATEGY VALUES(3308,NULL)
INSERT INTO SEQUENCE_STRATEGY VALUES(3309,NULL)
INSERT INTO SEQUENCE_STRATEGY VALUES(3310,NULL)
INSERT INTO SEQUENCE_STRATEGY VALUES(3311,NULL)
INSERT INTO SEQUENCE_STRATEGY VALUES(3312,NULL)
INSERT INTO SEQUENCE_STRATEGY VALUES(3313,NULL)
INSERT INTO SEQUENCE_STRATEGY VALUES(3314,NULL)
INSERT INTO SEQUENCE_STRATEGY VALUES(3315,NULL)
INSERT INTO SEQUENCE_STRATEGY VALUES(3316,NULL)
INSERT INTO SEQUENCE_STRATEGY VALUES(3317,NULL)
INSERT INTO SEQUENCE_STRATEGY VALUES(3318,NULL)
INSERT INTO SEQUENCE_STRATEGY VALUES(3319,NULL)
INSERT INTO SEQUENCE_STRATEGY VALUES(3320,NULL)
INSERT INTO SEQUENCE_STRATEGY VALUES(3321,NULL)
INSERT INTO SEQUENCE_STRATEGY VALUES(3322,NULL)
INSERT INTO SEQUENCE_STRATEGY VALUES(3323,NULL)
INSERT INTO SEQUENCE_STRATEGY VALUES(3324,NULL)
INSERT INTO SEQUENCE_STRATEGY VALUES(3325,NULL)
INSERT INTO SEQUENCE_STRATEGY VALUES(3326,NULL)
INSERT INTO SEQUENCE_STRATEGY VALUES(3327,NULL)
INSERT INTO SEQUENCE_STRATEGY VALUES(3328,NULL)
INSERT INTO SEQUENCE_STRATEGY VALUES(3329,NULL)
INSERT INTO SEQUENCE_STRATEGY VALUES(3330,NULL)
INSERT INTO SEQUENCE_STRATEGY VALUES(3331,NULL)
INSERT INTO SEQUENCE_STRATEGY VALUES(3332,NULL)
INSERT INTO SEQUENCE_STRATEGY VALUES(3333,NULL)
INSERT INTO SEQUENCE_STRATEGY VALUES(3334,NULL)
INSERT INTO SEQUENCE_STRATEGY VALUES(3335,NULL)
INSERT INTO SEQUENCE_STRATEGY VALUES(3336,NULL)
INSERT INTO SEQUENCE_STRATEGY VALUES(3337,NULL)
INSERT INTO SEQUENCE_STRATEGY VALUES(3338,NULL)
INSERT INTO SEQUENCE_STRATEGY VALUES(3339,NULL)
INSERT INTO SEQUENCE_STRATEGY VALUES(3340,NULL)
INSERT INTO SEQUENCE_STRATEGY VALUES(3341,NULL)
INSERT INTO SEQUENCE_STRATEGY VALUES(3342,NULL)
INSERT INTO SEQUENCE_STRATEGY VALUES(3343,NULL)
INSERT INTO SEQUENCE_STRATEGY VALUES(3344,NULL)
INSERT INTO SEQUENCE_STRATEGY VALUES(3345,NULL)
INSERT INTO SEQUENCE_STRATEGY VALUES(3346,NULL)
INSERT INTO SEQUENCE_STRATEGY VALUES(3347,NULL)
INSERT INTO SEQUENCE_STRATEGY VALUES(3348,NULL)
INSERT INTO SEQUENCE_STRATEGY VALUES(3349,NULL)
INSERT INTO SEQUENCE_STRATEGY VALUES(3350,NULL)
ALTER SEQUENCE SEQUENCE_STRATEGY_ID RESTART WITH 3501
INSERT INTO SEQUENCE_STRATEGY VALUES(3401,NULL)
INSERT INTO SEQUENCE_STRATEGY VALUES(3402,NULL)
INSERT INTO SEQUENCE_STRATEGY VALUES(3403,NULL)
INSERT INTO SEQUENCE_STRATEGY VALUES(3404,NULL)
INSERT INTO SEQUENCE_STRATEGY VALUES(3405,NULL)
INSERT INTO SEQUENCE_STRATEGY VALUES(3406,NULL)
INSERT INTO SEQUENCE_STRATEGY VALUES(3407,NULL)
INSERT INTO SEQUENCE_STRATEGY VALUES(3408,NULL)
INSERT INTO SEQUENCE_STRATEGY VALUES(3409,NULL)
INSERT INTO SEQUENCE_STRATEGY VALUES(3410,NULL)
INSERT INTO SEQUENCE_STRATEGY VALUES(3411,NULL)
INSERT INTO SEQUENCE_STRATEGY VALUES(3412,NULL)
INSERT INTO SEQUENCE_STRATEGY VALUES(3413,NULL)
INSERT INTO SEQUENCE_STRATEGY VALUES(3414,NULL)
INSERT INTO SEQUENCE_STRATEGY VALUES(3415,NULL)
INSERT INTO SEQUENCE_STRATEGY VALUES(3416,NULL)
INSERT INTO SEQUENCE_STRATEGY VALUES(3417,NULL)
INSERT INTO SEQUENCE_STRATEGY VALUES(3418,NULL)
INSERT INTO SEQUENCE_STRATEGY VALUES(3419,NULL)
INSERT INTO SEQUENCE_STRATEGY VALUES(3420,NULL)
INSERT INTO SEQUENCE_STRATEGY VALUES(3421,NULL)
INSERT INTO SEQUENCE_STRATEGY VALUES(3422,NULL)
INSERT INTO SEQUENCE_STRATEGY VALUES(3423,NULL)
INSERT INTO SEQUENCE_STRATEGY VALUES(3424,NULL)
INSERT INTO SEQUENCE_STRATEGY VALUES(3425,NULL)
INSERT INTO SEQUENCE_STRATEGY VALUES(3426,NULL)
INSERT INTO SEQUENCE_STRATEGY VALUES(3427,NULL)
INSERT INTO SEQUENCE_STRATEGY VALUES(3428,NULL)
INSERT INTO SEQUENCE_STRATEGY VALUES(3429,NULL)
INSERT INTO SEQUENCE_STRATEGY VALUES(3430,NULL)
INSERT INTO SEQUENCE_STRATEGY VALUES(3431,NULL)
INSERT INTO SEQUENCE_STRATEGY VALUES(3432,NULL)
INSERT INTO SEQUENCE_STRATEGY VALUES(3433,NULL)
INSERT INTO SEQUENCE_STRATEGY VALUES(3434,NULL)
INSERT INTO SEQUENCE_STRATEGY VALUES(3435,NULL)
INSERT INTO SEQUENCE_STRATEGY VALUES(3436,NULL)
INSERT INTO SEQUENCE_STRATEGY VALUES(3437,NULL)
INSERT INTO SEQUENCE_STRATEGY VALUES(3438,NULL)
INSERT INTO SEQUENCE_STRATEGY VALUES(3439,NULL)
INSERT INTO SEQUENCE_STRATEGY VALUES(3440,NULL)
INSERT INTO SEQUENCE_STRATEGY VALUES(3441,NULL)
INSERT INTO SEQUENCE_STRATEGY VALUES(3442,NULL)
INSERT INTO SEQUENCE_STRATEGY VALUES(3443,NULL)
INSERT INTO SEQUENCE_STRATEGY VALUES(3444,NULL)
INSERT INTO SEQUENCE_STRATEGY VALUES(3445,NULL)
INSERT INTO SEQUENCE_STRATEGY VALUES(3446,NULL)
INSERT INTO SEQUENCE_STRATEGY VALUES(3447,NULL)
INSERT INTO SEQUENCE_STRATEGY VALUES(3448,NULL)
INSERT INTO SEQUENCE_STRATEGY VALUES(3449,NULL)
INSERT INTO SEQUENCE_STRATEGY VALUES(3450,NULL)
ALTER SEQUENCE SEQUENCE_STRATEGY_ID RESTART WITH 3601
INSERT INTO SEQUENCE_STRATEGY VALUES(3501,NULL)
INSERT INTO SEQUENCE_STRATEGY VALUES(3502,NULL)
INSERT INTO SEQUENCE_STRATEGY VALUES(3503,NULL)
INSERT INTO SEQUENCE_STRATEGY VALUES(3504,NULL)
INSERT INTO SEQUENCE_STRATEGY VALUES(3505,NULL)
INSERT INTO SEQUENCE_STRATEGY VALUES(3506,NULL)
INSERT INTO SEQUENCE_STRATEGY VALUES(3507,NULL)
INSERT INTO SEQUENCE_STRATEGY VALUES(3508,NULL)
INSERT INTO SEQUENCE_STRATEGY VALUES(3509,NULL)
INSERT INTO SEQUENCE_STRATEGY VALUES(3510,NULL)
INSERT INTO SEQUENCE_STRATEGY VALUES(3511,NULL)
INSERT INTO SEQUENCE_STRATEGY VALUES(3512,NULL)
INSERT INTO SEQUENCE_STRATEGY VALUES(3513,NULL)
INSERT INTO SEQUENCE_STRATEGY VALUES(3514,NULL)
INSERT INTO SEQUENCE_STRATEGY VALUES(3515,NULL)
INSERT INTO SEQUENCE_STRATEGY VALUES(3516,NULL)
INSERT INTO SEQUENCE_STRATEGY VALUES(3517,NULL)
INSERT INTO SEQUENCE_STRATEGY VALUES(3518,NULL)
INSERT INTO SEQUENCE_STRATEGY VALUES(3519,NULL)
INSERT INTO SEQUENCE_STRATEGY VALUES(3520,NULL)
INSERT INTO SEQUENCE_STRATEGY VALUES(3521,NULL)
INSERT INTO SEQUENCE_STRATEGY VALUES(3522,NULL)
INSERT INTO SEQUENCE_STRATEGY VALUES(3523,NULL)
INSERT INTO SEQUENCE_STRATEGY VALUES(3524,NULL)
INSERT INTO SEQUENCE_STRATEGY VALUES(3525,NULL)
INSERT INTO SEQUENCE_STRATEGY VALUES(3526,NULL)
INSERT INTO SEQUENCE_STRATEGY VALUES(3527,NULL)
INSERT INTO SEQUENCE_STRATEGY VALUES(3528,NULL)
INSERT INTO SEQUENCE_STRATEGY VALUES(3529,NULL)
INSERT INTO SEQUENCE_STRATEGY VALUES(3530,NULL)
ROLLBACK
SET AUTOCOMMIT TRUE
DISCONNECT
/*C54*/SET SCHEMA PUBLIC
CONNECT USER SA
SET AUTOCOMMIT FALSE
INSERT INTO TABLE_STRATEGY VALUES(111,NULL)
INSERT INTO TABLE_STRATEGY VALUES(112,NULL)
INSERT INTO TABLE_STRATEGY VALUES(113,NULL)
INSERT INTO TABLE_STRATEGY VALUES(114,NULL)
INSERT INTO TABLE_STRATEGY VALUES(115,NULL)
INSERT INTO TABLE_STRATEGY VALUES(116,NULL)
INSERT INTO TABLE_STRATEGY VALUES(117,NULL)
INSERT INTO TABLE_STRATEGY VALUES(118,NULL)
INSERT INTO TABLE_STRATEGY VALUES(119,NULL)
INSERT INTO TABLE_STRATEGY VALUES(120,NULL)
INSERT INTO TABLE_STRATEGY VALUES(121,NULL)
INSERT INTO TABLE_STRATEGY VALUES(122,NULL)
INSERT INTO TABLE_STRATEGY VALUES(123,NULL)
INSERT INTO TABLE_STRATEGY VALUES(124,NULL)
INSERT INTO TABLE_STRATEGY VALUES(125,NULL)
INSERT INTO TABLE_STRATEGY VALUES(126,NULL)
INSERT INTO TABLE_STRATEGY VALUES(127,NULL)
INSERT INTO TABLE_STRATEGY VALUES(128,NULL)
INSERT INTO TABLE_STRATEGY VALUES(129,NULL)
INSERT INTO TABLE_STRATEGY VALUES(130,NULL)
INSERT INTO TABLE_STRATEGY VALUES(131,NULL)
INSERT INTO TABLE_STRATEGY VALUES(132,NULL)
INSERT INTO TABLE_STRATEGY VALUES(133,NULL)
INSERT INTO TABLE_STRATEGY VALUES(134,NULL)
INSERT INTO TABLE_STRATEGY VALUES(135,NULL)
INSERT INTO TABLE_STRATEGY VALUES(136,NULL)
INSERT INTO TABLE_STRATEGY VALUES(137,NULL)
INSERT INTO TABLE_STRATEGY VALUES(138,NULL)
INSERT INTO TABLE_STRATEGY VALUES(139,NULL)
INSERT INTO TABLE_STRATEGY VALUES(140,NULL)
INSERT INTO TABLE_STRATEGY VALUES(141,NULL)
INSERT INTO TABLE_STRATEGY VALUES(142,NULL)
INSERT INTO TABLE_STRATEGY VALUES(143,NULL)
INSERT INTO TABLE_STRATEGY VALUES(144,NULL)
INSERT INTO TABLE_STRATEGY VALUES(145,NULL)
INSERT INTO TABLE_STRATEGY VALUES(146,NULL)
INSERT INTO TABLE_STRATEGY VALUES(147,NULL)
INSERT INTO TABLE_STRATEGY VALUES(148,NULL)
INSERT INTO TABLE_STRATEGY VALUES(149,NULL)
INSERT INTO TABLE_STRATEGY VALUES(150,NULL)
DELETE FROM ID_GENERATOR WHERE PK='TABLE_STRATEGY_ID'
INSERT INTO ID_GENERATOR VALUES('TABLE_STRATEGY_ID',51)
INSERT INTO TABLE_STRATEGY VALUES(1,NULL)
INSERT INTO TABLE_STRATEGY VALUES(2,NULL)
INSERT INTO TABLE_STRATEGY VALUES(3,NULL)
INSERT INTO TABLE_STRATEGY VALUES(4,NULL)
INSERT INTO TABLE_STRATEGY VALUES(5,NULL)
INSERT INTO TABLE_STRATEGY VALUES(6,NULL)
INSERT INTO TABLE_STRATEGY VALUES(7,NULL)
INSERT INTO TABLE_STRATEGY VALUES(8,NULL)
INSERT INTO TABLE_STRATEGY VALUES(9,NULL)
INSERT INTO TABLE_STRATEGY VALUES(10,NULL)
INSERT INTO TABLE_STRATEGY VALUES(11,NULL)
INSERT INTO TABLE_STRATEGY VALUES(12,NULL)
INSERT INTO TABLE_STRATEGY VALUES(13,NULL)
INSERT INTO TABLE_STRATEGY VALUES(14,NULL)
INSERT INTO TABLE_STRATEGY VALUES(15,NULL)
INSERT INTO TABLE_STRATEGY VALUES(16,NULL)
INSERT INTO TABLE_STRATEGY VALUES(17,NULL)
INSERT INTO TABLE_STRATEGY VALUES(18,NULL)
INSERT INTO TABLE_STRATEGY VALUES(19,NULL)
INSERT INTO TABLE_STRATEGY VALUES(20,NULL)
INSERT INTO TABLE_STRATEGY VALUES(21,NULL)
INSERT INTO TABLE_STRATEGY VALUES(22,NULL)
INSERT INTO TABLE_STRATEGY VALUES(23,NULL)
INSERT INTO TABLE_STRATEGY VALUES(24,NULL)
INSERT INTO TABLE_STRATEGY VALUES(25,NULL)
INSERT INTO TABLE_STRATEGY VALUES(26,NULL)
INSERT INTO TABLE_STRATEGY VALUES(27,NULL)
INSERT INTO TABLE_STRATEGY VALUES(28,NULL)
INSERT INTO TABLE_STRATEGY VALUES(29,NULL)
INSERT INTO TABLE_STRATEGY VALUES(30,NULL)
INSERT INTO TABLE_STRATEGY VALUES(31,NULL)
INSERT INTO TABLE_STRATEGY VALUES(32,NULL)
INSERT INTO TABLE_STRATEGY VALUES(33,NULL)
INSERT INTO TABLE_STRATEGY VALUES(34,NULL)
INSERT INTO TABLE_STRATEGY VALUES(35,NULL)
INSERT INTO TABLE_STRATEGY VALUES(36,NULL)
INSERT INTO TABLE_STRATEGY VALUES(37,NULL)
INSERT INTO TABLE_STRATEGY VALUES(38,NULL)
INSERT INTO TABLE_STRATEGY VALUES(39,NULL)
INSERT INTO TABLE_STRATEGY VALUES(40,NULL)
INSERT INTO TABLE_STRATEGY VALUES(41,NULL)
INSERT INTO TABLE_STRATEGY VALUES(42,NULL)
INSERT INTO TABLE_STRATEGY VALUES(43,NULL)
